Line 44: Class WMPLibCtl.WindowsMediaPlayer of control som was not a loaded control class.
Line 50: The property name URL in som is invalid.
Line 51: The property name rate in som is invalid.
Line 52: The property name balance in som is invalid.
Line 53: The property name currentPosition in som is invalid.
Line 54: The property name defaultFrame in som is invalid.
Line 55: The property name playCount in som is invalid.
Line 56: The property name autoStart in som is invalid.
Line 57: The property name currentMarker in som is invalid.
Line 58: The property name invokeURLs in som is invalid.
Line 59: The property name baseURL in som is invalid.
Line 60: The property name volume in som is invalid.
Line 61: The property name mute in som is invalid.
Line 62: The property name uiMode in som is invalid.
Line 63: The property name stretchToFit in som is invalid.
Line 64: The property name windowlessVideo in som is invalid.
Line 66: The property name enableContextMenu in som is invalid.
Line 67: The property name fullScreen in som is invalid.
Line 68: The property name SAMIStyle in som is invalid.
Line 69: The property name SAMILang in som is invalid.
Line 70: The property name SAMIFilename in som is invalid.
Line 71: The property name captioningID in som is invalid.
Line 72: The property name enableErrorDialogs in som is invalid.
Line 73: The property name _cx in som is invalid.
Line 74: The property name _cy in som is invalid.
