Line 1350: Class WMPLibCtl.WindowsMediaPlayer of control som2 was not a loaded control class.
Line 1410: Class WMPLibCtl.WindowsMediaPlayer of control som was not a loaded control class.
Line 1356: The property name URL in som2 is invalid.
Line 1357: The property name rate in som2 is invalid.
Line 1358: The property name balance in som2 is invalid.
Line 1359: The property name currentPosition in som2 is invalid.
Line 1360: The property name defaultFrame in som2 is invalid.
Line 1361: The property name playCount in som2 is invalid.
Line 1362: The property name autoStart in som2 is invalid.
Line 1363: The property name currentMarker in som2 is invalid.
Line 1364: The property name invokeURLs in som2 is invalid.
Line 1365: The property name baseURL in som2 is invalid.
Line 1366: The property name volume in som2 is invalid.
Line 1367: The property name mute in som2 is invalid.
Line 1368: The property name uiMode in som2 is invalid.
Line 1369: The property name stretchToFit in som2 is invalid.
Line 1370: The property name windowlessVideo in som2 is invalid.
Line 1372: The property name enableContextMenu in som2 is invalid.
Line 1373: The property name fullScreen in som2 is invalid.
Line 1374: The property name SAMIStyle in som2 is invalid.
Line 1375: The property name SAMILang in som2 is invalid.
Line 1376: The property name SAMIFilename in som2 is invalid.
Line 1377: The property name captioningID in som2 is invalid.
Line 1378: The property name enableErrorDialogs in som2 is invalid.
Line 1379: The property name _cx in som2 is invalid.
Line 1380: The property name _cy in som2 is invalid.
Line 1416: The property name URL in som is invalid.
Line 1417: The property name rate in som is invalid.
Line 1418: The property name balance in som is invalid.
Line 1419: The property name currentPosition in som is invalid.
Line 1420: The property name defaultFrame in som is invalid.
Line 1421: The property name playCount in som is invalid.
Line 1422: The property name autoStart in som is invalid.
Line 1423: The property name currentMarker in som is invalid.
Line 1424: The property name invokeURLs in som is invalid.
Line 1425: The property name baseURL in som is invalid.
Line 1426: The property name volume in som is invalid.
Line 1427: The property name mute in som is invalid.
Line 1428: The property name uiMode in som is invalid.
Line 1429: The property name stretchToFit in som is invalid.
Line 1430: The property name windowlessVideo in som is invalid.
Line 1432: The property name enableContextMenu in som is invalid.
Line 1433: The property name fullScreen in som is invalid.
Line 1434: The property name SAMIStyle in som is invalid.
Line 1435: The property name SAMILang in som is invalid.
Line 1436: The property name SAMIFilename in som is invalid.
Line 1437: The property name captioningID in som is invalid.
Line 1438: The property name enableErrorDialogs in som is invalid.
Line 1439: The property name _cx in som is invalid.
Line 1440: The property name _cy in som is invalid.
